<?xml version="1.0" encoding="UTF-8"?>
<testng-results ignored="0" total="1" passed="1" failed="0" skipped="0">
  <reporter-output>
  </reporter-output>
  <suite started-at="2020-06-05T12:40:37Z" name="Surefire suite" finished-at="2020-06-05T12:40:38Z" duration-ms="985">
    <groups>
    </groups>
    <test started-at="2020-06-05T12:40:37Z" name="Surefire test" finished-at="2020-06-05T12:40:38Z" duration-ms="985">
      <class name="API_Test.JuceShopTest">
        <test-method signature="getItem()[pri:0, instance:API_Test.JuceShopTest@74ad1f1f]" started-at="2020-06-05T12:40:37Z" name="getItem" finished-at="2020-06-05T12:40:38Z" duration-ms="971" status="PASS">
          <reporter-output>
          </reporter-output>
        </test-method> <!-- getItem -->
      </class> <!-- API_Test.JuceShopTest -->
    </test> <!-- Surefire test -->
  </suite> <!-- Surefire suite -->
</testng-results>
